<?xml version="1.0" encoding="UTF-8"?>
<!-- Generated by org.testng.reporters.JUnitReportReporter -->
<testsuite skipped="1" hostname="admin-PC" name="customer.testcases.WithDrawTest" tests="1" failures="0" timestamp="2019-10-30T00:59:32 EET" time="0.681" errors="0">
  <testcase name="withDrawTest" time="0.681" classname="customer.testcases.WithDrawTest">
    <skipped/>
  </testcase> <!-- withDrawTest -->
</testsuite> <!-- customer.testcases.WithDrawTest -->
