<?xml version="1.0" encoding="UTF-8"?>
<!-- Generated by org.testng.reporters.JUnitReportReporter -->
<testsuite skipped="5" hostname="admin-PC" name="customer.testcases.DepositTest" tests="5" failures="0" timestamp="2019-10-30T00:59:32 EET" time="1.740" errors="0">
  <testcase name="depositTest" time="0.277" classname="customer.testcases.DepositTest">
    <skipped/>
  </testcase> <!-- depositTest -->
  <testcase name="depositTest" time="0.277" classname="customer.testcases.DepositTest">
    <skipped/>
  </testcase> <!-- depositTest -->
  <testcase name="depositTest" time="0.307" classname="customer.testcases.DepositTest">
    <skipped/>
  </testcase> <!-- depositTest -->
  <testcase name="depositTest" time="0.252" classname="customer.testcases.DepositTest">
    <skipped/>
  </testcase> <!-- depositTest -->
  <testcase name="depositTest" time="0.627" classname="customer.testcases.DepositTest">
    <skipped/>
  </testcase> <!-- depositTest -->
</testsuite> <!-- customer.testcases.DepositTest -->
