<?xml version="1.0" encoding="UTF-8"?>
<!-- Generated by org.testng.reporters.JUnitReportReporter -->
<testsuite skipped="0" hostname="admin-PC" name="customer.testcases.WithDrawTest" tests="1" failures="0" timestamp="2019-10-15T22:58:52 EEST" time="1.620" errors="0">
  <testcase name="withDrawTest" time="1.620" classname="customer.testcases.WithDrawTest"/>
</testsuite> <!-- customer.testcases.WithDrawTest -->
