<?xml version="1.0" encoding="UTF-8"?>
<!-- Generated by org.testng.reporters.JUnitReportReporter -->
<testsuite skipped="1" hostname="admin-PC" name="testcases.AddCustomerTest" tests="3" failures="0" timestamp="2019-10-13T09:25:36 EEST" time="0.735" errors="0">
  <testcase name="addCustomerTest" time="0.462" classname="testcases.AddCustomerTest"/>
  <testcase name="addCustomerTest" time="0.222" classname="testcases.AddCustomerTest"/>
  <testcase name="addCustomerTest" time="0.051" classname="testcases.AddCustomerTest">
    <skipped/>
  </testcase> <!-- addCustomerTest -->
</testsuite> <!-- testcases.AddCustomerTest -->
