<?xml version="1.0" encoding="UTF-8"?>
<!-- Generated by org.testng.reporters.JUnitReportReporter -->
<testsuite skipped="0" hostname="admin-PC" name="testcases.withdrawTest" tests="1" failures="0" timestamp="2019-10-14T20:53:38 EEST" time="1.533" errors="0">
  <testcase name="withDrawTest" time="1.533" classname="testcases.withdrawTest"/>
</testsuite> <!-- testcases.withdrawTest -->
