<?xml version="1.0" encoding="UTF-8"?>
<!-- Generated by org.testng.reporters.JUnitReportReporter -->
<testsuite skipped="0" hostname="admin-PC" name="utilities.exceldataProvider" tests="1" failures="0" timestamp="2019-09-25T19:01:05 EEST" time="0.013" errors="0">
  <testcase name="test" time="0.013" classname="utilities.exceldataProvider"/>
</testsuite> <!-- utilities.exceldataProvider -->
