<?xml version="1.0" encoding="UTF-8"?>
<!-- Generated by org.testng.reporters.JUnitReportReporter -->
<testsuite skipped="0" hostname="admin-PC" name="testcases.depositTest" tests="1" failures="0" timestamp="2019-10-14T20:07:05 EEST" time="1.552" errors="0">
  <testcase name="deposittest" time="1.552" classname="testcases.depositTest"/>
</testsuite> <!-- testcases.depositTest -->
