<?xml version="1.0" encoding="UTF-8"?>
<!-- Generated by org.testng.reporters.JUnitReportReporter -->
<testsuite skipped="1" hostname="admin-PC" name="testcases.CustomerLoginTest" tests="2" failures="0" timestamp="2019-10-14T08:27:22 EEST" time="1.242" errors="0">
  <testcase name="customerLoginTest" time="1.153" classname="testcases.CustomerLoginTest"/>
  <testcase name="customerLoginTest" time="0.089" classname="testcases.CustomerLoginTest">
    <skipped/>
  </testcase> <!-- customerLoginTest -->
</testsuite> <!-- testcases.CustomerLoginTest -->
