<?xml version="1.0" encoding="UTF-8"?>
<!-- Generated by org.testng.reporters.JUnitReportReporter -->
<testsuite skipped="1" hostname="admin-PC" name="customer.testcases.CustomerLoginTest" tests="2" failures="0" timestamp="2019-10-15T22:58:52 EEST" time="1.309" errors="0">
  <testcase name="customerLoginTest" time="1.267" classname="customer.testcases.CustomerLoginTest"/>
  <testcase name="customerLoginTest" time="0.042" classname="customer.testcases.CustomerLoginTest">
    <skipped/>
  </testcase> <!-- customerLoginTest -->
</testsuite> <!-- customer.testcases.CustomerLoginTest -->
