<?xml version="1.0" encoding="UTF-8"?>
<!-- Generated by org.testng.reporters.JUnitReportReporter -->
<testsuite skipped="0" hostname="admin-PC" name="bankManager.testcases.DeleteCustomerTest" tests="5" failures="0" timestamp="2019-10-18T07:16:37 EEST" time="53.594" errors="0">
  <testcase name="deleteCustomerTest" time="10.560" classname="bankManager.testcases.DeleteCustomerTest"/>
  <testcase name="deleteCustomerTest" time="11.571" classname="bankManager.testcases.DeleteCustomerTest"/>
  <testcase name="deleteCustomerTest" time="10.477" classname="bankManager.testcases.DeleteCustomerTest"/>
  <testcase name="deleteCustomerTest" time="10.487" classname="bankManager.testcases.DeleteCustomerTest"/>
  <testcase name="deleteCustomerTest" time="10.499" classname="bankManager.testcases.DeleteCustomerTest"/>
</testsuite> <!-- bankManager.testcases.DeleteCustomerTest -->
