<?xml version="1.0" encoding="UTF-8"?>
<!-- Generated by org.testng.reporters.JUnitReportReporter -->
<testsuite skipped="0" hostname="admin-PC" name="testcases.LoginTest" tests="1" failures="0" timestamp="2019-10-14T17:13:40 EEST" time="0.462" errors="0">
  <testcase name="loginAsBankManager" time="0.462" classname="testcases.LoginTest"/>
</testsuite> <!-- testcases.LoginTest -->
