<?xml version="1.0" encoding="UTF-8"?>
<!-- Generated by org.testng.reporters.JUnitReportReporter -->
<testsuite skipped="1" hostname="admin-PC" name="bankManager.testcases.DeleteCustomerTest" tests="5" failures="0" timestamp="2019-10-30T02:48:48 EET" time="43.559" errors="0">
  <testcase name="deleteCustomerTest" time="11.751" classname="bankManager.testcases.DeleteCustomerTest"/>
  <testcase name="deleteCustomerTest" time="10.718" classname="bankManager.testcases.DeleteCustomerTest"/>
  <testcase name="deleteCustomerTest" time="10.505" classname="bankManager.testcases.DeleteCustomerTest"/>
  <testcase name="deleteCustomerTest" time="0.068" classname="bankManager.testcases.DeleteCustomerTest">
    <skipped/>
  </testcase> <!-- deleteCustomerTest -->
  <testcase name="deleteCustomerTest" time="10.517" classname="bankManager.testcases.DeleteCustomerTest"/>
</testsuite> <!-- bankManager.testcases.DeleteCustomerTest -->
