<?xml version="1.0" encoding="UTF-8"?>
<!-- Generated by org.testng.reporters.JUnitReportReporter -->
<testsuite skipped="0" hostname="admin-PC" name="bankManager.testcases.LoginTest" tests="1" failures="0" timestamp="2019-10-14T11:57:37 EEST" time="0.725" errors="0">
  <testcase name="loginAsBankManager" time="0.725" classname="bankManager.testcases.LoginTest"/>
</testsuite> <!-- bankManager.testcases.LoginTest -->
