<?xml version="1.0" encoding="UTF-8"?>
<!-- Generated by org.testng.reporters.JUnitReportReporter -->
<testsuite skipped="2" hostname="admin-PC" name="customer.testcases.CustomerLoginTest" tests="2" failures="0" timestamp="2019-10-30T00:59:32 EET" time="1.064" errors="0">
  <testcase name="customerLoginTest" time="0.651" classname="customer.testcases.CustomerLoginTest">
    <skipped/>
  </testcase> <!-- customerLoginTest -->
  <testcase name="customerLoginTest" time="0.413" classname="customer.testcases.CustomerLoginTest">
    <skipped/>
  </testcase> <!-- customerLoginTest -->
</testsuite> <!-- customer.testcases.CustomerLoginTest -->
