<?xml version="1.0" encoding="UTF-8"?>
<!-- Generated by org.testng.reporters.JUnitReportReporter -->
<testsuite skipped="3" hostname="admin-PC" name="bankManager.testcases.AddCustomerTest" tests="3" failures="0" timestamp="2019-10-30T03:21:53 EET" time="1.106" errors="0">
  <testcase name="addCustomerTest" time="0.295" classname="bankManager.testcases.AddCustomerTest">
    <skipped/>
  </testcase> <!-- addCustomerTest -->
  <testcase name="addCustomerTest" time="0.316" classname="bankManager.testcases.AddCustomerTest">
    <skipped/>
  </testcase> <!-- addCustomerTest -->
  <testcase name="addCustomerTest" time="0.495" classname="bankManager.testcases.AddCustomerTest">
    <skipped/>
  </testcase> <!-- addCustomerTest -->
</testsuite> <!-- bankManager.testcases.AddCustomerTest -->
